#-----------------------------------------------------------
# Vivado v2019.2 (64-bit)
# SW Build 2708876 on Wed Nov  6 21:40:23 MST 2019
# IP Build 2700528 on Thu Nov  7 00:09:20 MST 2019
# Start of session at: Tue Feb  9 11:57:54 2021
# Process ID: 3468
# Current directory: E:/Projects/SchoolGit/ECEStuff/ECE3300L/LAB1/first_PJandlab
# Command line: vivado.exe -gui_launcher_event rodinguilauncherevent9324 E:\Projects\SchoolGit\ECEStuff\ECE3300L\LAB1\first_PJandlab\first_PJandlab.xpr
# Log file: E:/Projects/SchoolGit/ECEStuff/ECE3300L/LAB1/first_PJandlab/vivado.log
# Journal file: E:/Projects/SchoolGit/ECEStuff/ECE3300L/LAB1/first_PJandlab\vivado.jou
#-----------------------------------------------------------
start_gui
open_project E:/Projects/SchoolGit/ECEStuff/ECE3300L/LAB1/first_PJandlab/first_PJandlab.xpr
Scanning sources...
Finished scanning sources
INFO: [IP_Flow 19-234] Refreshing IP repositories
INFO: [IP_Flow 19-1704] No user IP repositories specified
INFO: [IP_Flow 19-2313] Loaded Vivado IP repository 'C:/Xilinx/Vivado/2019.2/data/ip'.
open_project: Time (s): cpu = 00:00:11 ; elapsed = 00:00:05 . Memory (MB): peak = 955.094 ; gain = 271.754
update_compile_order -fileset sources_1
exit
INFO: [Common 17-206] Exiting Vivado at Tue Feb  9 12:02:59 2021...
