
*** Running vivado
    with args -log simple_calc.vds -m64 -product Vivado -mode batch -messageDb vivado.pb -notrace -source simple_calc.tcl


****** Vivado v2019.2 (64-bit)
  **** SW Build 2708876 on Wed Nov  6 21:40:23 MST 2019
  **** IP Build 2700528 on Thu Nov  7 00:09:20 MST 2019
    ** Copyright 1986-2019 Xilinx, Inc. All Rights Reserved.

source simple_calc.tcl -notrace
Command: synth_design -top simple_calc -part xc7a100tcsg324-1
Starting synth_design
Attempting to get a license for feature 'Synthesis' and/or device 'xc7a100t'
INFO: [Common 17-349] Got license for feature 'Synthesis' and/or device 'xc7a100t'
INFO: [Device 21-403] Loading part xc7a100tcsg324-1
INFO: Launching helper process for spawning children vivado processes
INFO: Helper process launched with PID 10248 
---------------------------------------------------------------------------------
Starting RTL Elaboration : Time (s): cpu = 00:00:03 ; elapsed = 00:00:04 . Memory (MB): peak = 980.930 ; gain = 234.977
---------------------------------------------------------------------------------
INFO: [Synth 8-6157] synthesizing module 'simple_calc' [E:/Projects/SchoolGit/ECEStuff/ECE3300L local hub/LAB2/LAB2.srcs/sources_1/new/simple_calc.v:23]
INFO: [Synth 8-6157] synthesizing module 'adder_subtractor' [E:/Projects/SchoolGit/ECEStuff/ECE3300L local hub/LAB2/LAB2.srcs/sources_1/adder_subtractor.v:23]
	Parameter n bound to: 4 - type: integer 
INFO: [Synth 8-6157] synthesizing module 'rca_nbit' [E:/Projects/SchoolGit/ECEStuff/ECE3300L local hub/LAB2/LAB2.srcs/sources_1/rca_nbit.v:23]
	Parameter n bound to: 4 - type: integer 
INFO: [Synth 8-6157] synthesizing module 'full_adder' [E:/Projects/SchoolGit/ECEStuff/ECE3300L local hub/LAB2/LAB2.srcs/sources_1/full_adder.v:23]
INFO: [Synth 8-6157] synthesizing module 'half_adder' [E:/Projects/SchoolGit/ECEStuff/ECE3300L local hub/LAB2/LAB2.srcs/sources_1/half_adder.v:23]
INFO: [Synth 8-6155] done synthesizing module 'half_adder' (1#1) [E:/Projects/SchoolGit/ECEStuff/ECE3300L local hub/LAB2/LAB2.srcs/sources_1/half_adder.v:23]
INFO: [Synth 8-6155] done synthesizing module 'full_adder' (2#1) [E:/Projects/SchoolGit/ECEStuff/ECE3300L local hub/LAB2/LAB2.srcs/sources_1/full_adder.v:23]
INFO: [Synth 8-6155] done synthesizing module 'rca_nbit' (3#1) [E:/Projects/SchoolGit/ECEStuff/ECE3300L local hub/LAB2/LAB2.srcs/sources_1/rca_nbit.v:23]
INFO: [Synth 8-6155] done synthesizing module 'adder_subtractor' (4#1) [E:/Projects/SchoolGit/ECEStuff/ECE3300L local hub/LAB2/LAB2.srcs/sources_1/adder_subtractor.v:23]
INFO: [Synth 8-6157] synthesizing module 'csa_multiplier' [E:/Projects/SchoolGit/ECEStuff/ECE3300L local hub/LAB2/LAB2.srcs/sources_1/new/csa_multiplier.v:23]
INFO: [Synth 8-6157] synthesizing module 'mq_4bit' [E:/Projects/SchoolGit/ECEStuff/ECE3300L local hub/LAB2/LAB2.srcs/sources_1/new/mq_4bit.v:23]
INFO: [Synth 8-6155] done synthesizing module 'mq_4bit' (5#1) [E:/Projects/SchoolGit/ECEStuff/ECE3300L local hub/LAB2/LAB2.srcs/sources_1/new/mq_4bit.v:23]
WARNING: [Synth 8-7023] instance 'adderRow3' of module 'adder_subtractor' has 6 connections declared, but only 5 given [E:/Projects/SchoolGit/ECEStuff/ECE3300L local hub/LAB2/LAB2.srcs/sources_1/new/csa_multiplier.v:101]
INFO: [Synth 8-6155] done synthesizing module 'csa_multiplier' (6#1) [E:/Projects/SchoolGit/ECEStuff/ECE3300L local hub/LAB2/LAB2.srcs/sources_1/new/csa_multiplier.v:23]
INFO: [Synth 8-6157] synthesizing module 'mux_2x1_8bit' [E:/Projects/SchoolGit/ECEStuff/ECE3300L local hub/LAB2/LAB2.srcs/sources_1/new/mux_2x1_8bit.v:23]
INFO: [Synth 8-6155] done synthesizing module 'mux_2x1_8bit' (7#1) [E:/Projects/SchoolGit/ECEStuff/ECE3300L local hub/LAB2/LAB2.srcs/sources_1/new/mux_2x1_8bit.v:23]
INFO: [Synth 8-6155] done synthesizing module 'simple_calc' (8#1) [E:/Projects/SchoolGit/ECEStuff/ECE3300L local hub/LAB2/LAB2.srcs/sources_1/new/simple_calc.v:23]
---------------------------------------------------------------------------------
Finished RTL Elaboration : Time (s): cpu = 00:00:04 ; elapsed = 00:00:05 . Memory (MB): peak = 1052.949 ; gain = 306.996
---------------------------------------------------------------------------------

Report Check Netlist: 
+------+------------------+-------+---------+-------+------------------+
|      |Item              |Errors |Warnings |Status |Description       |
+------+------------------+-------+---------+-------+------------------+
|1     |multi_driven_nets |      0|        0|Passed |Multi driven nets |
+------+------------------+-------+---------+-------+------------------+
---------------------------------------------------------------------------------
Start Handling Custom Attributes
---------------------------------------------------------------------------------
---------------------------------------------------------------------------------
Finished Handling Custom Attributes : Time (s): cpu = 00:00:04 ; elapsed = 00:00:05 . Memory (MB): peak = 1052.949 ; gain = 306.996
---------------------------------------------------------------------------------
---------------------------------------------------------------------------------
Finished RTL Optimization Phase 1 : Time (s): cpu = 00:00:04 ; elapsed = 00:00:05 . Memory (MB): peak = 1052.949 ; gain = 306.996
---------------------------------------------------------------------------------
Netlist sorting complete. Time (s): cpu = 00:00:00 ; elapsed = 00:00:00.001 . Memory (MB): peak = 1052.949 ; gain = 0.000
INFO: [Project 1-570] Preparing netlist for logic optimization

Processing XDC Constraints
Initializing timing engine
Parsing XDC File [E:/Projects/SchoolGit/ECEStuff/ECE3300L local hub/LAB2/LAB2.srcs/constrs_1/imports/LAB1/Nexys-A7-100T-Master.xdc]
Finished Parsing XDC File [E:/Projects/SchoolGit/ECEStuff/ECE3300L local hub/LAB2/LAB2.srcs/constrs_1/imports/LAB1/Nexys-A7-100T-Master.xdc]
INFO: [Project 1-236] Implementation specific constraints were found while reading constraint file [E:/Projects/SchoolGit/ECEStuff/ECE3300L local hub/LAB2/LAB2.srcs/constrs_1/imports/LAB1/Nexys-A7-100T-Master.xdc]. These constraints will be ignored for synthesis but will be used in implementation. Impacted constraints are listed in the file [.Xil/simple_calc_propImpl.xdc].
Resolution: To avoid this warning, move constraints listed in [.Xil/simple_calc_propImpl.xdc] to another XDC file and exclude this new file from synthesis with the used_in_synthesis property (File Properties dialog in GUI) and re-run elaboration/synthesis.
Completed Processing XDC Constraints

Netlist sorting complete. Time (s): cpu = 00:00:00 ; elapsed = 00:00:00 . Memory (MB): peak = 1131.535 ; gain = 0.000
INFO: [Project 1-111] Unisim Transformation Summary:
No Unisim elements were transformed.

Constraint Validation Runtime : Time (s): cpu = 00:00:00 ; elapsed = 00:00:00.002 . Memory (MB): peak = 1131.535 ; gain = 0.000
---------------------------------------------------------------------------------
Finished Constraint Validation : Time (s): cpu = 00:00:10 ; elapsed = 00:00:10 . Memory (MB): peak = 1131.535 ; gain = 385.582
---------------------------------------------------------------------------------
---------------------------------------------------------------------------------
Start Loading Part and Timing Information
---------------------------------------------------------------------------------
Loading part: xc7a100tcsg324-1
---------------------------------------------------------------------------------
Finished Loading Part and Timing Information : Time (s): cpu = 00:00:10 ; elapsed = 00:00:10 . Memory (MB): peak = 1131.535 ; gain = 385.582
---------------------------------------------------------------------------------
---------------------------------------------------------------------------------
Start Applying 'set_property' XDC Constraints
---------------------------------------------------------------------------------
---------------------------------------------------------------------------------
Finished applying 'set_property' XDC Constraints : Time (s): cpu = 00:00:10 ; elapsed = 00:00:10 . Memory (MB): peak = 1131.535 ; gain = 385.582
---------------------------------------------------------------------------------
---------------------------------------------------------------------------------
Finished RTL Optimization Phase 2 : Time (s): cpu = 00:00:10 ; elapsed = 00:00:10 . Memory (MB): peak = 1131.535 ; gain = 385.582
---------------------------------------------------------------------------------

Report RTL Partitions: 
+-+--------------+------------+----------+
| |RTL Partition |Replication |Instances |
+-+--------------+------------+----------+
+-+--------------+------------+----------+
---------------------------------------------------------------------------------
Start RTL Component Statistics 
---------------------------------------------------------------------------------
Detailed RTL Component Info : 
+---XORs : 
	   2 Input      1 Bit         XORs := 40    
+---Muxes : 
	   2 Input      8 Bit        Muxes := 1     
---------------------------------------------------------------------------------
Finished RTL Component Statistics 
---------------------------------------------------------------------------------
---------------------------------------------------------------------------------
Start RTL Hierarchical Component Statistics 
---------------------------------------------------------------------------------
Hierarchical RTL Component report 
Module half_adder 
Detailed RTL Component Info : 
+---XORs : 
	   2 Input      1 Bit         XORs := 1     
Module adder_subtractor 
Detailed RTL Component Info : 
+---XORs : 
	   2 Input      1 Bit         XORs := 4     
Module mux_2x1_8bit 
Detailed RTL Component Info : 
+---Muxes : 
	   2 Input      8 Bit        Muxes := 1     
---------------------------------------------------------------------------------
Finished RTL Hierarchical Component Statistics
---------------------------------------------------------------------------------
---------------------------------------------------------------------------------
Start Part Resource Summary
---------------------------------------------------------------------------------
Part Resources:
DSPs: 240 (col length:80)
BRAMs: 270 (col length: RAMB18 80 RAMB36 40)
---------------------------------------------------------------------------------
Finished Part Resource Summary
---------------------------------------------------------------------------------
---------------------------------------------------------------------------------
Start Cross Boundary and Area Optimization
---------------------------------------------------------------------------------
Warning: Parallel synthesis criteria is not met 
---------------------------------------------------------------------------------
Finished Cross Boundary and Area Optimization : Time (s): cpu = 00:00:11 ; elapsed = 00:00:12 . Memory (MB): peak = 1131.535 ; gain = 385.582
---------------------------------------------------------------------------------

Report RTL Partitions: 
+-+--------------+------------+----------+
| |RTL Partition |Replication |Instances |
+-+--------------+------------+----------+
+-+--------------+------------+----------+
---------------------------------------------------------------------------------
Start Applying XDC Timing Constraints
---------------------------------------------------------------------------------
---------------------------------------------------------------------------------
Finished Applying XDC Timing Constraints : Time (s): cpu = 00:00:17 ; elapsed = 00:00:18 . Memory (MB): peak = 1131.535 ; gain = 385.582
---------------------------------------------------------------------------------
---------------------------------------------------------------------------------
Start Timing Optimization
---------------------------------------------------------------------------------
---------------------------------------------------------------------------------
Finished Timing Optimization : Time (s): cpu = 00:00:17 ; elapsed = 00:00:18 . Memory (MB): peak = 1131.535 ; gain = 385.582
---------------------------------------------------------------------------------

Report RTL Partitions: 
+-+--------------+------------+----------+
| |RTL Partition |Replication |Instances |
+-+--------------+------------+----------+
+-+--------------+------------+----------+
---------------------------------------------------------------------------------
Start Technology Mapping
---------------------------------------------------------------------------------
---------------------------------------------------------------------------------
Finished Technology Mapping : Time (s): cpu = 00:00:17 ; elapsed = 00:00:18 . Memory (MB): peak = 1139.844 ; gain = 393.891
---------------------------------------------------------------------------------

Report RTL Partitions: 
+-+--------------+------------+----------+
| |RTL Partition |Replication |Instances |
+-+--------------+------------+----------+
+-+--------------+------------+----------+
---------------------------------------------------------------------------------
Start IO Insertion
---------------------------------------------------------------------------------
---------------------------------------------------------------------------------
Start Flattening Before IO Insertion
---------------------------------------------------------------------------------
---------------------------------------------------------------------------------
Finished Flattening Before IO Insertion
---------------------------------------------------------------------------------
---------------------------------------------------------------------------------
Start Final Netlist Cleanup
---------------------------------------------------------------------------------
---------------------------------------------------------------------------------
Finished Final Netlist Cleanup
---------------------------------------------------------------------------------
---------------------------------------------------------------------------------
Finished IO Insertion : Time (s): cpu = 00:00:21 ; elapsed = 00:00:22 . Memory (MB): peak = 1155.637 ; gain = 409.684
---------------------------------------------------------------------------------
---------------------------------------------------------------------------------
Start Renaming Generated Instances
---------------------------------------------------------------------------------
---------------------------------------------------------------------------------
Finished Renaming Generated Instances : Time (s): cpu = 00:00:21 ; elapsed = 00:00:22 . Memory (MB): peak = 1155.637 ; gain = 409.684
---------------------------------------------------------------------------------

Report RTL Partitions: 
+-+--------------+------------+----------+
| |RTL Partition |Replication |Instances |
+-+--------------+------------+----------+
+-+--------------+------------+----------+

Report Check Netlist: 
+------+------------------+-------+---------+-------+------------------+
|      |Item              |Errors |Warnings |Status |Description       |
+------+------------------+-------+---------+-------+------------------+
|1     |multi_driven_nets |      0|        0|Passed |Multi driven nets |
+------+------------------+-------+---------+-------+------------------+
---------------------------------------------------------------------------------
Start Rebuilding User Hierarchy
---------------------------------------------------------------------------------
---------------------------------------------------------------------------------
Finished Rebuilding User Hierarchy : Time (s): cpu = 00:00:21 ; elapsed = 00:00:22 . Memory (MB): peak = 1155.637 ; gain = 409.684
---------------------------------------------------------------------------------
---------------------------------------------------------------------------------
Start Renaming Generated Ports
---------------------------------------------------------------------------------
---------------------------------------------------------------------------------
Finished Renaming Generated Ports : Time (s): cpu = 00:00:21 ; elapsed = 00:00:22 . Memory (MB): peak = 1155.637 ; gain = 409.684
---------------------------------------------------------------------------------
---------------------------------------------------------------------------------
Start Handling Custom Attributes
---------------------------------------------------------------------------------
---------------------------------------------------------------------------------
Finished Handling Custom Attributes : Time (s): cpu = 00:00:21 ; elapsed = 00:00:22 . Memory (MB): peak = 1155.637 ; gain = 409.684
---------------------------------------------------------------------------------
---------------------------------------------------------------------------------
Start Renaming Generated Nets
---------------------------------------------------------------------------------
---------------------------------------------------------------------------------
Finished Renaming Generated Nets : Time (s): cpu = 00:00:21 ; elapsed = 00:00:22 . Memory (MB): peak = 1155.637 ; gain = 409.684
---------------------------------------------------------------------------------
---------------------------------------------------------------------------------
Start Writing Synthesis Report
---------------------------------------------------------------------------------

Report BlackBoxes: 
+-+--------------+----------+
| |BlackBox name |Instances |
+-+--------------+----------+
+-+--------------+----------+

Report Cell Usage: 
+------+-----+------+
|      |Cell |Count |
+------+-----+------+
|1     |LUT2 |     2|
|2     |LUT3 |     3|
|3     |LUT4 |     4|
|4     |LUT5 |     7|
|5     |LUT6 |    14|
|6     |IBUF |    10|
|7     |OBUF |    10|
+------+-----+------+

Report Instance Areas: 
+------+---------+-------+------+
|      |Instance |Module |Cells |
+------+---------+-------+------+
|1     |top      |       |    50|
+------+---------+-------+------+
---------------------------------------------------------------------------------
Finished Writing Synthesis Report : Time (s): cpu = 00:00:21 ; elapsed = 00:00:22 . Memory (MB): peak = 1155.637 ; gain = 409.684
---------------------------------------------------------------------------------
Synthesis finished with 0 errors, 0 critical warnings and 0 warnings.
Synthesis Optimization Runtime : Time (s): cpu = 00:00:15 ; elapsed = 00:00:20 . Memory (MB): peak = 1155.637 ; gain = 331.098
Synthesis Optimization Complete : Time (s): cpu = 00:00:21 ; elapsed = 00:00:22 . Memory (MB): peak = 1155.637 ; gain = 409.684
INFO: [Project 1-571] Translating synthesized netlist
Netlist sorting complete. Time (s): cpu = 00:00:00 ; elapsed = 00:00:00 . Memory (MB): peak = 1166.742 ; gain = 0.000
INFO: [Project 1-570] Preparing netlist for logic optimization
INFO: [Opt 31-138] Pushed 0 inverter(s) to 0 load pin(s).
Netlist sorting complete. Time (s): cpu = 00:00:00 ; elapsed = 00:00:00 . Memory (MB): peak = 1172.098 ; gain = 0.000
INFO: [Project 1-111] Unisim Transformation Summary:
No Unisim elements were transformed.

INFO: [Common 17-83] Releasing license: Synthesis
26 Infos, 1 Warnings, 0 Critical Warnings and 0 Errors encountered.
synth_design completed successfully
synth_design: Time (s): cpu = 00:00:26 ; elapsed = 00:00:27 . Memory (MB): peak = 1172.098 ; gain = 733.312
Netlist sorting complete. Time (s): cpu = 00:00:00 ; elapsed = 00:00:00 . Memory (MB): peak = 1172.098 ; gain = 0.000
WARNING: [Constraints 18-5210] No constraints selected for write.
Resolution: This message can indicate that there are no constraints for the design, or it can indicate that the used_in flags are set such that the constraints are ignored. This later case is used when running synth_design to not write synthesis constraints to the resulting checkpoint. Instead, project constraints are read when the synthesized design is opened.
INFO: [Common 17-1381] The checkpoint 'E:/Projects/SchoolGit/ECEStuff/ECE3300L local hub/LAB2/LAB2.runs/synth_1/simple_calc.dcp' has been generated.
INFO: [runtcl-4] Executing : report_utilization -file simple_calc_utilization_synth.rpt -pb simple_calc_utilization_synth.pb
INFO: [Common 17-206] Exiting Vivado at Fri Feb 12 12:33:06 2021...
